<?xml version="1.0" encoding="UTF-8"?>
<!-- Generated by org.testng.reporters.JUnitReportReporter -->
<testsuite skipped="0" hostname="LAPTOP-IAN4GU20" name="maventraining.Assertexample" tests="1" failures="0" timestamp="2022-01-19T17:52:30 IST" time="8.113" errors="0">
  <testcase name="assertmethod" time="8.113" classname="maventraining.Assertexample"/>
  <system-out/>
</testsuite> <!-- maventraining.Assertexample -->
