<?xml version="1.0" encoding="UTF-8"?>
<!-- Generated by org.testng.reporters.JUnitReportReporter -->
<testsuite skipped="0" hostname="LAPTOP-IAN4GU20" name="maventraining.OneTest" tests="1" failures="0" timestamp="2022-01-15T17:19:24 IST" time="4.732" errors="0">
  <testcase name="methodone" time="4.732" classname="maventraining.OneTest"/>
  <system-out/>
</testsuite> <!-- maventraining.OneTest -->
