<?xml version="1.0" encoding="UTF-8"?>
<!-- Generated by org.testng.reporters.JUnitReportReporter -->
<testsuite hostname="LAPTOP-IAN4GU20" failures="0" tests="1" name="maventraining.DownloadfileTest" time="37.878" errors="0" timestamp="2022-01-24T16:46:55 IST" skipped="0">
  <testcase classname="maventraining.DownloadfileTest" name="Filestore" time="37.878"/>
  <system-out/>
</testsuite> <!-- maventraining.DownloadfileTest -->
