<?xml version="1.0" encoding="UTF-8"?>
<!-- Generated by org.testng.reporters.JUnitReportReporter -->
<testsuite skipped="0" hostname="LAPTOP-IAN4GU20" name="maventraining.Browserhandle" tests="1" failures="0" timestamp="2022-01-20T17:48:38 IST" time="8.197" errors="0">
  <testcase name="openbrowser" time="8.197" classname="maventraining.Browserhandle"/>
  <system-out/>
</testsuite> <!-- maventraining.Browserhandle -->
