<?xml version="1.0" encoding="UTF-8"?>
<!-- Generated by org.testng.reporters.JUnitReportReporter -->
<testsuite skipped="0" hostname="LAPTOP-IAN4GU20" name="maventraining.SearchboxTest" tests="1" failures="0" timestamp="2022-01-15T18:37:58 IST" time="1.131" errors="0">
  <testcase name="enterdetails" time="1.131" classname="maventraining.SearchboxTest"/>
  <system-out/>
</testsuite> <!-- maventraining.SearchboxTest -->
