<?xml version="1.0" encoding="UTF-8"?>
<!-- Generated by org.testng.reporters.JUnitReportReporter -->
<testsuite skipped="0" hostname="LAPTOP-IAN4GU20" name="maventraining.ScreenshotTest" tests="2" failures="0" timestamp="2022-01-15T17:19:24 IST" time="3.977" errors="0">
  <testcase name="screenshot" time="3.107" classname="maventraining.ScreenshotTest"/>
  <system-out/>
  <testcase name="Camerascreenshot" time="0.870" classname="maventraining.ScreenshotTest"/>
  <system-out/>
</testsuite> <!-- maventraining.ScreenshotTest -->
